<?xml version='1.0' encoding='UTF-8'?>
<testsuite hostname="p02150629" name="quickcheck.QuickCheckBinomialHeap" tests="7" errors="0" failures="0" time="-0.007">
                     <properties>
[...]
</properties>
                     <testcase classname="quickcheck.QuickCheckBinomialHeap" name="min1" time="-0.001">
                                                 
                                               </testcase><testcase classname="quickcheck.QuickCheckBinomialHeap" name="min2" time="-0.001">
                                                 
                                               </testcase><testcase classname="quickcheck.QuickCheckBinomialHeap" name="mindel" time="-0.001">
                                                 
                                               </testcase><testcase classname="quickcheck.QuickCheckBinomialHeap" name="minMeld" time="-0.001">
                                                 
                                               </testcase><testcase classname="quickcheck.QuickCheckBinomialHeap" name="continuosOrdered" time="-0.001">
                                                 
                                               </testcase><testcase classname="quickcheck.QuickCheckBinomialHeap" name="ordered" time="-0.001">
                                                 
                                               </testcase><testcase classname="quickcheck.QuickCheckBinomialHeap" name="meldOrdered" time="-0.001">
                                                 
                                               </testcase>
                     <system-out></system-out>
                     <system-err></system-err>
                   </testsuite>