[0m[[0mdebug[0m] [0mRunning TaskDef(quickcheck.QuickCheckBinomialHeap, sbt.SubclassFingerprintWrapper@255f6024, false, [SuiteSelector])[0m
[0m[[0mdebug[0m] [0mRunning TaskDef(quickcheck.QuickCheckSuite, org.scalatest.tools.Framework$$anon$1@4cbf89e3, false, [SuiteSelector])[0m
[0m[[0mdebug[0m] [0mSummary for ScalaCheck not available.[0m
[0m[[0minfo[0m] [0mScalaTest[0m
[0m[[0minfo[0m] [0m[36mRun completed in 662 milliseconds.[0m[0m
[0m[[0minfo[0m] [0m[36mTotal number of tests run: 6[0m[0m
[0m[[0minfo[0m] [0m[36mSuites: completed 1, aborted 0[0m[0m
[0m[[0minfo[0m] [0m[36mTests: succeeded 4, failed 2, canceled 0, ignored 0, pending 0[0m[0m
[0m[[0minfo[0m] [0m[31m*** 2 TESTS FAILED ***[0m[0m
[0m[[31merror[0m] [0mFailed: Total 13, Failed 2, Errors 0, Passed 11[0m
[0m[[0mdebug[0m] [0mPassed tests:[0m
[0m[[0mdebug[0m] [0m	quickcheck.QuickCheckBinomialHeap[0m
[0m[[31merror[0m] [0mFailed tests:[0m
[0m[[31merror[0m] [0m	quickcheck.QuickCheckSuite[0m
[0m[[31merror[0m] [0m(assignment/test:[31mtest[0m) sbt.TestsFailedException: Tests unsuccessful[0m
